<?xml version="1.0" encoding="UTF-8"?>
<!-- Generated by org.testng.reporters.JUnitXMLReporter -->
<testsuite ignored="0" hostname="BLR1-LHP-N71186" failures="1" tests="4" name="Test" time="66.33" errors="0" timestamp="2022-07-20T00:58:49 IST">
  <testcase classname="OrangeHRM.Login" name="loginSetup" time="12.239"/>
  <testcase classname="OrangeHRM.Login" name="loginSetup" time="4.771"/>
  <testcase classname="OrangeHRM.Login" name="loginSetup" time="4.432"/>
  <testcase classname="OrangeHRM.GetHeadings" name="fetchHeading" time="14.905">
    <failure type="org.openqa.selenium.NoSuchElementException" message="Unable to locate element: PIM
For documentation on this error, please visit: https://selenium.dev/exceptions/#no_such_element
Build info: version: &amp;apos;4.3.0&amp;apos;, revision: &amp;apos;a4995e2c09*&amp;apos;
System info: host: &amp;apos;BLR1-LHP-N71186&amp;apos;, ip: &amp;apos;127.0.1.1&amp;apos;, os.name: &amp;apos;Linux&amp;apos;, os.arch: &amp;apos;amd64&amp;apos;, os.version: &amp;apos;5.13.0-52-generic&amp;apos;, java.version: &amp;apos;11.0.15&amp;apos;
Driver info: org.openqa.selenium.firefox.FirefoxDriver
Command: [47258c3f-71e0-45d9-a862-2f29de0a0700, findElement {using=link text, value=PIM}]
Capabilities {acceptInsecureCerts: true, browserName: firefox, browserVersion: 101.0.1, moz:accessibilityChecks: false, moz:buildID: 20220608170832, moz:debuggerAddress: localhost:34815, moz:geckodriverVersion: 0.31.0, moz:headless: false, moz:processID: 152073, moz:profile: /tmp/rust_mozprofilevv39Vq, moz:shutdownTimeout: 60000, moz:useNonSpecCompliantPointerOrigin: false, moz:webdriverClick: true, pageLoadStrategy: normal, platformName: LINUX, platformVersion: 5.13.0-52-generic, proxy: Proxy(), se:cdp: ws://localhost:34815/devtoo..., se:cdpVersion: 85.0, setWindowRect: true, strictFileInteractability: false, timeouts: {implicit: 0, pageLoad: 300000, script: 30000}, unhandledPromptBehavior: dismiss and notify}
Session ID: 47258c3f-71e0-45d9-a862-2f29de0a0700">
      <![CDATA[org.openqa.selenium.NoSuchElementException: Unable to locate element: PIM
For documentation on this error, please visit: https://selenium.dev/exceptions/#no_such_element
Build info: version: '4.3.0', revision: 'a4995e2c09*'
System info: host: 'BLR1-LHP-N71186', ip: '127.0.1.1', os.name: 'Linux', os.arch: 'amd64', os.version: '5.13.0-52-generic', java.version: '11.0.15'
Driver info: org.openqa.selenium.firefox.FirefoxDriver
Command: [47258c3f-71e0-45d9-a862-2f29de0a0700, findElement {using=link text, value=PIM}]
Capabilities {acceptInsecureCerts: true, browserName: firefox, browserVersion: 101.0.1, moz:accessibilityChecks: false, moz:buildID: 20220608170832, moz:debuggerAddress: localhost:34815, moz:geckodriverVersion: 0.31.0, moz:headless: false, moz:processID: 152073, moz:profile: /tmp/rust_mozprofilevv39Vq, moz:shutdownTimeout: 60000, moz:useNonSpecCompliantPointerOrigin: false, moz:webdriverClick: true, pageLoadStrategy: normal, platformName: LINUX, platformVersion: 5.13.0-52-generic, proxy: Proxy(), se:cdp: ws://localhost:34815/devtoo..., se:cdpVersion: 85.0, setWindowRect: true, strictFileInteractability: false, timeouts: {implicit: 0, pageLoad: 300000, script: 30000}, unhandledPromptBehavior: dismiss and notify}
Session ID: 47258c3f-71e0-45d9-a862-2f29de0a0700
at org.openqa.selenium.remote.codec.w3c.W3CHttpResponseCodec.createException(W3CHttpResponseCodec.java:200)
at org.openqa.selenium.remote.codec.w3c.W3CHttpResponseCodec.decode(W3CHttpResponseCodec.java:133)
at org.openqa.selenium.remote.codec.w3c.W3CHttpResponseCodec.decode(W3CHttpResponseCodec.java:53)
at org.openqa.selenium.remote.HttpCommandExecutor.execute(HttpCommandExecutor.java:184)
at org.openqa.selenium.remote.service.DriverCommandExecutor.invokeExecute(DriverCommandExecutor.java:167)
at org.openqa.selenium.remote.service.DriverCommandExecutor.execute(DriverCommandExecutor.java:142)
at org.openqa.selenium.remote.RemoteWebDriver.execute(RemoteWebDriver.java:569)
at org.openqa.selenium.remote.ElementLocation$ElementFinder$2.findElement(ElementLocation.java:162)
at org.openqa.selenium.remote.ElementLocation.findElement(ElementLocation.java:60)
at org.openqa.selenium.remote.RemoteWebDriver.findElement(RemoteWebDriver.java:387)
at org.openqa.selenium.remote.RemoteWebDriver.findElement(RemoteWebDriver.java:379)
at OrangeHRM.GetHeadings.fetchHeading(GetHeadings.java:33)
at java.base/java.util.ArrayList.forEach(ArrayList.java:1541)
... Removed 31 stack frames]]>
    </failure>
  </testcase> <!-- fetchHeading -->
</testsuite> <!-- Test -->
