<?xml version="1.0" encoding="UTF-8"?>
<!-- Generated by org.testng.reporters.JUnitXMLReporter -->
<testsuite ignored="0" hostname="BLR1-LHP-N71186" failures="0" tests="3" name="Default test" time="45.467" errors="0" timestamp="2022-07-21T00:08:28 IST">
  <testcase classname="OrangeHRM.Login" name="loginSetup" time="14.463"/>
  <testcase classname="OrangeHRM.Login" name="loginSetup" time="5.111"/>
  <testcase classname="OrangeHRM.Login" name="loginSetup" time="4.711"/>
</testsuite> <!-- Default test -->
